{"/Users/margeryolethea/Library/CloudStorage/GoogleDrive-margeryolethea@gmail.com/My Drive/BOOTCAMP/PHASE 2/15. Individual Project Mon 15 Jan/ip-MargeryOlethea/server/app.js": {"path":"/Users/margeryolethea/Library/CloudStorage/GoogleDrive-margeryolethea@gmail.com/My Drive/BOOTCAMP/PHASE 2/15. Individual Project Mon 15 Jan/ip-MargeryOlethea/server/app.js","statementMap":{"0":{"start":{"line":1,"column":0},"end":{"line":3,"column":1}},"1":{"start":{"line":2,"column":2},"end":{"line":2,"column":29}},"2":{"start":{"line":4,"column":16},"end":{"line":4,"column":34}},"3":{"start":{"line":5,"column":15},"end":{"line":5,"column":35}},"4":{"start":{"line":6,"column":21},"end":{"line":6,"column":58}},"5":{"start":{"line":7,"column":13},"end":{"line":7,"column":28}},"6":{"start":{"line":9,"column":12},"end":{"line":9,"column":21}},"7":{"start":{"line":10,"column":13},"end":{"line":10,"column":37}},"8":{"start":{"line":12,"column":0},"end":{"line":12,"column":16}},"9":{"start":{"line":13,"column":0},"end":{"line":13,"column":48}},"10":{"start":{"line":14,"column":0},"end":{"line":14,"column":24}},"11":{"start":{"line":15,"column":0},"end":{"line":15,"column":16}},"12":{"start":{"line":16,"column":0},"end":{"line":16,"column":22}},"13":{"start":{"line":18,"column":0},"end":{"line":18,"column":21}}},"fnMap":{},"branchMap":{"0":{"loc":{"start":{"line":1,"column":0},"end":{"line":3,"column":1}},"type":"if","locations":[{"start":{"line":1,"column":0},"end":{"line":3,"column":1}},{"start":{},"end":{}}],"line":1},"1":{"loc":{"start":{"line":10,"column":13},"end":{"line":10,"column":37}},"type":"binary-expr","locations":[{"start":{"line":10,"column":13},"end":{"line":10,"column":29}},{"start":{"line":10,"column":33},"end":{"line":10,"column":37}}],"line":10}},"s":{"0":2,"1":2,"2":2,"3":2,"4":2,"5":2,"6":2,"7":2,"8":2,"9":2,"10":2,"11":2,"12":2,"13":2},"f":{},"b":{"0":[2,0],"1":[2,0]},"_coverageSchema":"1a1c01bbd47fc00a2c39e90264f33305004495a9","hash":"388cfad007acc98d61ae081f0fc177fa8e105dbb"}
,"/Users/margeryolethea/Library/CloudStorage/GoogleDrive-margeryolethea@gmail.com/My Drive/BOOTCAMP/PHASE 2/15. Individual Project Mon 15 Jan/ip-MargeryOlethea/server/controllers/authController.js": {"path":"/Users/margeryolethea/Library/CloudStorage/GoogleDrive-margeryolethea@gmail.com/My Drive/BOOTCAMP/PHASE 2/15. Individual Project Mon 15 Jan/ip-MargeryOlethea/server/controllers/authController.js","statementMap":{"0":{"start":{"line":1,"column":43},"end":{"line":1,"column":63}},"1":{"start":{"line":2,"column":28},"end":{"line":2,"column":54}},"2":{"start":{"line":3,"column":24},"end":{"line":3,"column":47}},"3":{"start":{"line":4,"column":15},"end":{"line":4,"column":35}},"4":{"start":{"line":5,"column":25},"end":{"line":5,"column":55}},"5":{"start":{"line":9,"column":4},"end":{"line":23,"column":5}},"6":{"start":{"line":10,"column":44},"end":{"line":10,"column":52}},"7":{"start":{"line":12,"column":22},"end":{"line":12,"column":70}},"8":{"start":{"line":14,"column":6},"end":{"line":20,"column":9}},"9":{"start":{"line":22,"column":6},"end":{"line":22,"column":18}},"10":{"start":{"line":26,"column":4},"end":{"line":53,"column":5}},"11":{"start":{"line":27,"column":37},"end":{"line":27,"column":45}},"12":{"start":{"line":28,"column":22},"end":{"line":30,"column":8}},"13":{"start":{"line":32,"column":6},"end":{"line":34,"column":7}},"14":{"start":{"line":33,"column":8},"end":{"line":33,"column":45}},"15":{"start":{"line":36,"column":22},"end":{"line":40,"column":7}},"16":{"start":{"line":42,"column":20},"end":{"line":42,"column":40}},"17":{"start":{"line":44,"column":6},"end":{"line":50,"column":9}},"18":{"start":{"line":52,"column":6},"end":{"line":52,"column":18}},"19":{"start":{"line":57,"column":4},"end":{"line":96,"column":5}},"20":{"start":{"line":58,"column":24},"end":{"line":58,"column":35}},"21":{"start":{"line":60,"column":21},"end":{"line":60,"column":39}},"22":{"start":{"line":62,"column":21},"end":{"line":65,"column":8}},"23":{"start":{"line":67,"column":22},"end":{"line":67,"column":41}},"24":{"start":{"line":69,"column":30},"end":{"line":79,"column":8}},"25":{"start":{"line":81,"column":27},"end":{"line":85,"column":8}},"26":{"start":{"line":87,"column":6},"end":{"line":93,"column":9}},"27":{"start":{"line":95,"column":6},"end":{"line":95,"column":18}},"28":{"start":{"line":100,"column":0},"end":{"line":100,"column":32}}},"fnMap":{"0":{"name":"(anonymous_0)","decl":{"start":{"line":8,"column":2},"end":{"line":8,"column":3}},"loc":{"start":{"line":8,"column":40},"end":{"line":24,"column":3}},"line":8},"1":{"name":"(anonymous_1)","decl":{"start":{"line":25,"column":2},"end":{"line":25,"column":3}},"loc":{"start":{"line":25,"column":37},"end":{"line":54,"column":3}},"line":25},"2":{"name":"(anonymous_2)","decl":{"start":{"line":56,"column":2},"end":{"line":56,"column":3}},"loc":{"start":{"line":56,"column":43},"end":{"line":97,"column":3}},"line":56}},"branchMap":{"0":{"loc":{"start":{"line":32,"column":6},"end":{"line":34,"column":7}},"type":"if","locations":[{"start":{"line":32,"column":6},"end":{"line":34,"column":7}},{"start":{},"end":{}}],"line":32},"1":{"loc":{"start":{"line":32,"column":10},"end":{"line":32,"column":70}},"type":"binary-expr","locations":[{"start":{"line":32,"column":10},"end":{"line":32,"column":20}},{"start":{"line":32,"column":24},"end":{"line":32,"column":70}}],"line":32}},"s":{"0":2,"1":2,"2":2,"3":2,"4":2,"5":7,"6":7,"7":7,"8":1,"9":6,"10":5,"11":5,"12":5,"13":5,"14":4,"15":1,"16":1,"17":1,"18":4,"19":0,"20":0,"21":0,"22":0,"23":0,"24":0,"25":0,"26":0,"27":0,"28":2},"f":{"0":7,"1":5,"2":0},"b":{"0":[4,1],"1":[5,3]},"_coverageSchema":"1a1c01bbd47fc00a2c39e90264f33305004495a9","hash":"7cb9be1261ac833a4bd19857442598c927711038"}
,"/Users/margeryolethea/Library/CloudStorage/GoogleDrive-margeryolethea@gmail.com/My Drive/BOOTCAMP/PHASE 2/15. Individual Project Mon 15 Jan/ip-MargeryOlethea/server/controllers/categoryController.js": {"path":"/Users/margeryolethea/Library/CloudStorage/GoogleDrive-margeryolethea@gmail.com/My Drive/BOOTCAMP/PHASE 2/15. Individual Project Mon 15 Jan/ip-MargeryOlethea/server/controllers/categoryController.js","statementMap":{"0":{"start":{"line":1,"column":43},"end":{"line":1,"column":63}},"1":{"start":{"line":5,"column":4},"end":{"line":13,"column":5}},"2":{"start":{"line":6,"column":25},"end":{"line":6,"column":49}},"3":{"start":{"line":8,"column":6},"end":{"line":10,"column":79}},"4":{"start":{"line":12,"column":6},"end":{"line":12,"column":18}},"5":{"start":{"line":17,"column":0},"end":{"line":17,"column":36}}},"fnMap":{"0":{"name":"(anonymous_0)","decl":{"start":{"line":4,"column":2},"end":{"line":4,"column":3}},"loc":{"start":{"line":4,"column":46},"end":{"line":14,"column":3}},"line":4}},"branchMap":{},"s":{"0":2,"1":0,"2":0,"3":0,"4":0,"5":2},"f":{"0":0},"b":{},"_coverageSchema":"1a1c01bbd47fc00a2c39e90264f33305004495a9","hash":"d2d6c25f9ffad09a259ecc0ededf9447f779a3d8"}
,"/Users/margeryolethea/Library/CloudStorage/GoogleDrive-margeryolethea@gmail.com/My Drive/BOOTCAMP/PHASE 2/15. Individual Project Mon 15 Jan/ip-MargeryOlethea/server/controllers/goalController.js": {"path":"/Users/margeryolethea/Library/CloudStorage/GoogleDrive-margeryolethea@gmail.com/My Drive/BOOTCAMP/PHASE 2/15. Individual Project Mon 15 Jan/ip-MargeryOlethea/server/controllers/goalController.js","statementMap":{"0":{"start":{"line":1,"column":43},"end":{"line":1,"column":63}},"1":{"start":{"line":4,"column":4},"end":{"line":58,"column":5}},"2":{"start":{"line":5,"column":25},"end":{"line":5,"column":38}},"3":{"start":{"line":7,"column":19},"end":{"line":7,"column":68}},"4":{"start":{"line":9,"column":6},"end":{"line":11,"column":7}},"5":{"start":{"line":10,"column":8},"end":{"line":10,"column":40}},"6":{"start":{"line":24,"column":10},"end":{"line":24,"column":18}},"7":{"start":{"line":27,"column":8},"end":{"line":37,"column":13}},"8":{"start":{"line":39,"column":22},"end":{"line":53,"column":8}},"9":{"start":{"line":55,"column":6},"end":{"line":55,"column":78}},"10":{"start":{"line":57,"column":6},"end":{"line":57,"column":18}},"11":{"start":{"line":62,"column":4},"end":{"line":115,"column":5}},"12":{"start":{"line":63,"column":25},"end":{"line":63,"column":38}},"13":{"start":{"line":64,"column":19},"end":{"line":64,"column":68}},"14":{"start":{"line":77,"column":10},"end":{"line":77,"column":18}},"15":{"start":{"line":80,"column":8},"end":{"line":90,"column":13}},"16":{"start":{"line":92,"column":6},"end":{"line":94,"column":7}},"17":{"start":{"line":93,"column":8},"end":{"line":93,"column":35}},"18":{"start":{"line":96,"column":6},"end":{"line":110,"column":9}},"19":{"start":{"line":112,"column":6},"end":{"line":112,"column":70}},"20":{"start":{"line":114,"column":6},"end":{"line":114,"column":18}},"21":{"start":{"line":119,"column":4},"end":{"line":126,"column":5}},"22":{"start":{"line":120,"column":25},"end":{"line":120,"column":38}},"23":{"start":{"line":121,"column":19},"end":{"line":121,"column":68}},"24":{"start":{"line":123,"column":6},"end":{"line":123,"column":73}},"25":{"start":{"line":125,"column":6},"end":{"line":125,"column":18}},"26":{"start":{"line":130,"column":0},"end":{"line":130,"column":32}}},"fnMap":{"0":{"name":"(anonymous_0)","decl":{"start":{"line":3,"column":2},"end":{"line":3,"column":3}},"loc":{"start":{"line":3,"column":42},"end":{"line":59,"column":3}},"line":3},"1":{"name":"(anonymous_1)","decl":{"start":{"line":61,"column":2},"end":{"line":61,"column":3}},"loc":{"start":{"line":61,"column":42},"end":{"line":116,"column":3}},"line":61},"2":{"name":"(anonymous_2)","decl":{"start":{"line":118,"column":2},"end":{"line":118,"column":3}},"loc":{"start":{"line":118,"column":40},"end":{"line":127,"column":3}},"line":118}},"branchMap":{"0":{"loc":{"start":{"line":9,"column":6},"end":{"line":11,"column":7}},"type":"if","locations":[{"start":{"line":9,"column":6},"end":{"line":11,"column":7}},{"start":{},"end":{}}],"line":9},"1":{"loc":{"start":{"line":92,"column":6},"end":{"line":94,"column":7}},"type":"if","locations":[{"start":{"line":92,"column":6},"end":{"line":94,"column":7}},{"start":{},"end":{}}],"line":92}},"s":{"0":2,"1":0,"2":0,"3":0,"4":0,"5":0,"6":0,"7":0,"8":0,"9":0,"10":0,"11":0,"12":0,"13":0,"14":0,"15":0,"16":0,"17":0,"18":0,"19":0,"20":0,"21":0,"22":0,"23":0,"24":0,"25":0,"26":2},"f":{"0":0,"1":0,"2":0},"b":{"0":[0,0],"1":[0,0]},"_coverageSchema":"1a1c01bbd47fc00a2c39e90264f33305004495a9","hash":"4d31d23393c12a6e87aa66712e192a549b81410d"}
,"/Users/margeryolethea/Library/CloudStorage/GoogleDrive-margeryolethea@gmail.com/My Drive/BOOTCAMP/PHASE 2/15. Individual Project Mon 15 Jan/ip-MargeryOlethea/server/controllers/spendingController.js": {"path":"/Users/margeryolethea/Library/CloudStorage/GoogleDrive-margeryolethea@gmail.com/My Drive/BOOTCAMP/PHASE 2/15. Individual Project Mon 15 Jan/ip-MargeryOlethea/server/controllers/spendingController.js","statementMap":{"0":{"start":{"line":1,"column":43},"end":{"line":1,"column":63}},"1":{"start":{"line":2,"column":15},"end":{"line":2,"column":35}},"2":{"start":{"line":3,"column":19},"end":{"line":3,"column":49}},"3":{"start":{"line":4,"column":21},"end":{"line":4,"column":47}},"4":{"start":{"line":5,"column":23},"end":{"line":5,"column":59}},"5":{"start":{"line":9,"column":4},"end":{"line":81,"column":5}},"6":{"start":{"line":10,"column":25},"end":{"line":10,"column":38}},"7":{"start":{"line":12,"column":19},"end":{"line":21,"column":7}},"8":{"start":{"line":23,"column":43},"end":{"line":23,"column":52}},"9":{"start":{"line":25,"column":6},"end":{"line":27,"column":7}},"10":{"start":{"line":26,"column":8},"end":{"line":26,"column":42}},"11":{"start":{"line":29,"column":6},"end":{"line":31,"column":7}},"12":{"start":{"line":30,"column":8},"end":{"line":30,"column":44}},"13":{"start":{"line":33,"column":6},"end":{"line":35,"column":7}},"14":{"start":{"line":34,"column":8},"end":{"line":34,"column":63}},"15":{"start":{"line":37,"column":6},"end":{"line":44,"column":7}},"16":{"start":{"line":38,"column":8},"end":{"line":38,"column":63}},"17":{"start":{"line":39,"column":25},"end":{"line":39,"column":74}},"18":{"start":{"line":41,"column":8},"end":{"line":43,"column":9}},"19":{"start":{"line":42,"column":10},"end":{"line":42,"column":37}},"20":{"start":{"line":46,"column":6},"end":{"line":54,"column":7}},"21":{"start":{"line":47,"column":20},"end":{"line":47,"column":30}},"22":{"start":{"line":48,"column":44},"end":{"line":51,"column":9}},"23":{"start":{"line":53,"column":8},"end":{"line":53,"column":48}},"24":{"start":{"line":56,"column":28},"end":{"line":56,"column":43}},"25":{"start":{"line":58,"column":24},"end":{"line":58,"column":55}},"26":{"start":{"line":60,"column":22},"end":{"line":62,"column":7}},"27":{"start":{"line":64,"column":6},"end":{"line":69,"column":8}},"28":{"start":{"line":71,"column":30},"end":{"line":71,"column":68}},"29":{"start":{"line":73,"column":6},"end":{"line":78,"column":9}},"30":{"start":{"line":80,"column":6},"end":{"line":80,"column":18}},"31":{"start":{"line":85,"column":4},"end":{"line":105,"column":5}},"32":{"start":{"line":86,"column":25},"end":{"line":86,"column":38}},"33":{"start":{"line":88,"column":62},"end":{"line":88,"column":70}},"34":{"start":{"line":90,"column":26},"end":{"line":97,"column":8}},"35":{"start":{"line":99,"column":6},"end":{"line":102,"column":9}},"36":{"start":{"line":104,"column":6},"end":{"line":104,"column":18}},"37":{"start":{"line":109,"column":4},"end":{"line":121,"column":5}},"38":{"start":{"line":110,"column":21},"end":{"line":110,"column":31}},"39":{"start":{"line":111,"column":23},"end":{"line":111,"column":50}},"40":{"start":{"line":112,"column":6},"end":{"line":114,"column":7}},"41":{"start":{"line":113,"column":8},"end":{"line":113,"column":35}},"42":{"start":{"line":116,"column":6},"end":{"line":118,"column":80}},"43":{"start":{"line":120,"column":6},"end":{"line":120,"column":18}},"44":{"start":{"line":125,"column":4},"end":{"line":139,"column":5}},"45":{"start":{"line":126,"column":21},"end":{"line":126,"column":31}},"46":{"start":{"line":127,"column":23},"end":{"line":127,"column":50}},"47":{"start":{"line":128,"column":6},"end":{"line":130,"column":7}},"48":{"start":{"line":129,"column":8},"end":{"line":129,"column":35}},"49":{"start":{"line":132,"column":6},"end":{"line":132,"column":31}},"50":{"start":{"line":134,"column":6},"end":{"line":136,"column":73}},"51":{"start":{"line":138,"column":6},"end":{"line":138,"column":18}},"52":{"start":{"line":143,"column":4},"end":{"line":158,"column":5}},"53":{"start":{"line":144,"column":21},"end":{"line":144,"column":31}},"54":{"start":{"line":145,"column":62},"end":{"line":145,"column":70}},"55":{"start":{"line":146,"column":23},"end":{"line":146,"column":50}},"56":{"start":{"line":147,"column":6},"end":{"line":149,"column":7}},"57":{"start":{"line":148,"column":8},"end":{"line":148,"column":35}},"58":{"start":{"line":151,"column":6},"end":{"line":151,"column":77}},"59":{"start":{"line":153,"column":6},"end":{"line":155,"column":77}},"60":{"start":{"line":157,"column":6},"end":{"line":157,"column":18}},"61":{"start":{"line":162,"column":4},"end":{"line":214,"column":5}},"62":{"start":{"line":163,"column":25},"end":{"line":163,"column":38}},"63":{"start":{"line":166,"column":20},"end":{"line":176,"column":8}},"64":{"start":{"line":167,"column":8},"end":{"line":175,"column":32}},"65":{"start":{"line":169,"column":12},"end":{"line":173,"column":13}},"66":{"start":{"line":170,"column":14},"end":{"line":170,"column":46}},"67":{"start":{"line":172,"column":14},"end":{"line":172,"column":30}},"68":{"start":{"line":179,"column":23},"end":{"line":179,"column":59}},"69":{"start":{"line":181,"column":23},"end":{"line":181,"column":46}},"70":{"start":{"line":183,"column":30},"end":{"line":186,"column":7}},"71":{"start":{"line":185,"column":10},"end":{"line":185,"column":95}},"72":{"start":{"line":188,"column":27},"end":{"line":188,"column":53}},"73":{"start":{"line":190,"column":21},"end":{"line":196,"column":7}},"74":{"start":{"line":199,"column":26},"end":{"line":206,"column":8}},"75":{"start":{"line":208,"column":6},"end":{"line":211,"column":9}},"76":{"start":{"line":213,"column":6},"end":{"line":213,"column":18}},"77":{"start":{"line":218,"column":4},"end":{"line":386,"column":5}},"78":{"start":{"line":219,"column":35},"end":{"line":219,"column":48}},"79":{"start":{"line":222,"column":17},"end":{"line":222,"column":66}},"80":{"start":{"line":224,"column":6},"end":{"line":239,"column":7}},"81":{"start":{"line":225,"column":8},"end":{"line":238,"column":10}},"82":{"start":{"line":242,"column":19},"end":{"line":245,"column":7}},"83":{"start":{"line":247,"column":21},"end":{"line":247,"column":30}},"84":{"start":{"line":249,"column":6},"end":{"line":257,"column":7}},"85":{"start":{"line":250,"column":20},"end":{"line":250,"column":30}},"86":{"start":{"line":251,"column":44},"end":{"line":254,"column":9}},"87":{"start":{"line":256,"column":8},"end":{"line":256,"column":48}},"88":{"start":{"line":259,"column":28},"end":{"line":259,"column":43}},"89":{"start":{"line":261,"column":24},"end":{"line":261,"column":55}},"90":{"start":{"line":263,"column":22},"end":{"line":265,"column":7}},"91":{"start":{"line":267,"column":6},"end":{"line":272,"column":8}},"92":{"start":{"line":275,"column":23},"end":{"line":275,"column":53}},"93":{"start":{"line":279,"column":20},"end":{"line":292,"column":7}},"94":{"start":{"line":293,"column":6},"end":{"line":353,"column":9}},"95":{"start":{"line":294,"column":8},"end":{"line":352,"column":9}},"96":{"start":{"line":296,"column":12},"end":{"line":296,"column":43}},"97":{"start":{"line":297,"column":12},"end":{"line":297,"column":40}},"98":{"start":{"line":298,"column":12},"end":{"line":298,"column":18}},"99":{"start":{"line":301,"column":12},"end":{"line":301,"column":39}},"100":{"start":{"line":302,"column":12},"end":{"line":302,"column":40}},"101":{"start":{"line":303,"column":12},"end":{"line":303,"column":18}},"102":{"start":{"line":306,"column":12},"end":{"line":306,"column":49}},"103":{"start":{"line":307,"column":12},"end":{"line":307,"column":40}},"104":{"start":{"line":308,"column":12},"end":{"line":308,"column":18}},"105":{"start":{"line":311,"column":12},"end":{"line":311,"column":48}},"106":{"start":{"line":312,"column":12},"end":{"line":312,"column":40}},"107":{"start":{"line":313,"column":12},"end":{"line":313,"column":18}},"108":{"start":{"line":316,"column":12},"end":{"line":316,"column":40}},"109":{"start":{"line":317,"column":12},"end":{"line":317,"column":40}},"110":{"start":{"line":318,"column":12},"end":{"line":318,"column":18}},"111":{"start":{"line":321,"column":12},"end":{"line":321,"column":42}},"112":{"start":{"line":322,"column":12},"end":{"line":322,"column":40}},"113":{"start":{"line":323,"column":12},"end":{"line":323,"column":18}},"114":{"start":{"line":326,"column":12},"end":{"line":326,"column":41}},"115":{"start":{"line":327,"column":12},"end":{"line":327,"column":40}},"116":{"start":{"line":328,"column":12},"end":{"line":328,"column":18}},"117":{"start":{"line":331,"column":12},"end":{"line":331,"column":44}},"118":{"start":{"line":332,"column":12},"end":{"line":332,"column":40}},"119":{"start":{"line":333,"column":12},"end":{"line":333,"column":18}},"120":{"start":{"line":336,"column":12},"end":{"line":336,"column":39}},"121":{"start":{"line":337,"column":12},"end":{"line":337,"column":40}},"122":{"start":{"line":338,"column":12},"end":{"line":338,"column":18}},"123":{"start":{"line":341,"column":12},"end":{"line":341,"column":42}},"124":{"start":{"line":342,"column":12},"end":{"line":342,"column":40}},"125":{"start":{"line":343,"column":12},"end":{"line":343,"column":18}},"126":{"start":{"line":346,"column":12},"end":{"line":346,"column":40}},"127":{"start":{"line":347,"column":12},"end":{"line":347,"column":40}},"128":{"start":{"line":348,"column":12},"end":{"line":348,"column":18}},"129":{"start":{"line":351,"column":12},"end":{"line":351,"column":18}},"130":{"start":{"line":354,"column":25},"end":{"line":354,"column":45}},"131":{"start":{"line":357,"column":27},"end":{"line":357,"column":29}},"132":{"start":{"line":359,"column":6},"end":{"line":363,"column":9}},"133":{"start":{"line":360,"column":8},"end":{"line":362,"column":10}},"134":{"start":{"line":366,"column":34},"end":{"line":366,"column":36}},"135":{"start":{"line":367,"column":26},"end":{"line":367,"column":39}},"136":{"start":{"line":369,"column":6},"end":{"line":375,"column":9}},"137":{"start":{"line":370,"column":8},"end":{"line":374,"column":9}},"138":{"start":{"line":371,"column":10},"end":{"line":373,"column":12}},"139":{"start":{"line":377,"column":6},"end":{"line":383,"column":9}},"140":{"start":{"line":385,"column":6},"end":{"line":385,"column":18}},"141":{"start":{"line":390,"column":0},"end":{"line":390,"column":36}}},"fnMap":{"0":{"name":"(anonymous_0)","decl":{"start":{"line":8,"column":2},"end":{"line":8,"column":3}},"loc":{"start":{"line":8,"column":44},"end":{"line":82,"column":3}},"line":8},"1":{"name":"(anonymous_1)","decl":{"start":{"line":84,"column":2},"end":{"line":84,"column":3}},"loc":{"start":{"line":84,"column":46},"end":{"line":106,"column":3}},"line":84},"2":{"name":"(anonymous_2)","decl":{"start":{"line":108,"column":2},"end":{"line":108,"column":3}},"loc":{"start":{"line":108,"column":48},"end":{"line":122,"column":3}},"line":108},"3":{"name":"(anonymous_3)","decl":{"start":{"line":124,"column":2},"end":{"line":124,"column":3}},"loc":{"start":{"line":124,"column":50},"end":{"line":140,"column":3}},"line":124},"4":{"name":"(anonymous_4)","decl":{"start":{"line":142,"column":2},"end":{"line":142,"column":3}},"loc":{"start":{"line":142,"column":50},"end":{"line":159,"column":3}},"line":142},"5":{"name":"(anonymous_5)","decl":{"start":{"line":161,"column":2},"end":{"line":161,"column":3}},"loc":{"start":{"line":161,"column":53},"end":{"line":215,"column":3}},"line":161},"6":{"name":"(anonymous_6)","decl":{"start":{"line":166,"column":38},"end":{"line":166,"column":39}},"loc":{"start":{"line":166,"column":59},"end":{"line":176,"column":7}},"line":166},"7":{"name":"(anonymous_7)","decl":{"start":{"line":168,"column":52},"end":{"line":168,"column":53}},"loc":{"start":{"line":168,"column":71},"end":{"line":174,"column":11}},"line":168},"8":{"name":"(anonymous_8)","decl":{"start":{"line":184,"column":8},"end":{"line":184,"column":9}},"loc":{"start":{"line":185,"column":10},"end":{"line":185,"column":95}},"line":185},"9":{"name":"(anonymous_9)","decl":{"start":{"line":217,"column":2},"end":{"line":217,"column":3}},"loc":{"start":{"line":217,"column":47},"end":{"line":387,"column":3}},"line":217},"10":{"name":"(anonymous_10)","decl":{"start":{"line":293,"column":23},"end":{"line":293,"column":24}},"loc":{"start":{"line":293,"column":31},"end":{"line":353,"column":7}},"line":293},"11":{"name":"(anonymous_11)","decl":{"start":{"line":359,"column":27},"end":{"line":359,"column":28}},"loc":{"start":{"line":359,"column":41},"end":{"line":363,"column":7}},"line":359},"12":{"name":"(anonymous_12)","decl":{"start":{"line":369,"column":27},"end":{"line":369,"column":28}},"loc":{"start":{"line":369,"column":41},"end":{"line":375,"column":7}},"line":369}},"branchMap":{"0":{"loc":{"start":{"line":25,"column":6},"end":{"line":27,"column":7}},"type":"if","locations":[{"start":{"line":25,"column":6},"end":{"line":27,"column":7}},{"start":{},"end":{}}],"line":25},"1":{"loc":{"start":{"line":29,"column":6},"end":{"line":31,"column":7}},"type":"if","locations":[{"start":{"line":29,"column":6},"end":{"line":31,"column":7}},{"start":{},"end":{}}],"line":29},"2":{"loc":{"start":{"line":33,"column":6},"end":{"line":35,"column":7}},"type":"if","locations":[{"start":{"line":33,"column":6},"end":{"line":35,"column":7}},{"start":{},"end":{}}],"line":33},"3":{"loc":{"start":{"line":37,"column":6},"end":{"line":44,"column":7}},"type":"if","locations":[{"start":{"line":37,"column":6},"end":{"line":44,"column":7}},{"start":{},"end":{}}],"line":37},"4":{"loc":{"start":{"line":41,"column":8},"end":{"line":43,"column":9}},"type":"if","locations":[{"start":{"line":41,"column":8},"end":{"line":43,"column":9}},{"start":{},"end":{}}],"line":41},"5":{"loc":{"start":{"line":41,"column":12},"end":{"line":41,"column":46}},"type":"binary-expr","locations":[{"start":{"line":41,"column":12},"end":{"line":41,"column":21}},{"start":{"line":41,"column":25},"end":{"line":41,"column":46}}],"line":41},"6":{"loc":{"start":{"line":46,"column":6},"end":{"line":54,"column":7}},"type":"if","locations":[{"start":{"line":46,"column":6},"end":{"line":54,"column":7}},{"start":{},"end":{}}],"line":46},"7":{"loc":{"start":{"line":112,"column":6},"end":{"line":114,"column":7}},"type":"if","locations":[{"start":{"line":112,"column":6},"end":{"line":114,"column":7}},{"start":{},"end":{}}],"line":112},"8":{"loc":{"start":{"line":128,"column":6},"end":{"line":130,"column":7}},"type":"if","locations":[{"start":{"line":128,"column":6},"end":{"line":130,"column":7}},{"start":{},"end":{}}],"line":128},"9":{"loc":{"start":{"line":147,"column":6},"end":{"line":149,"column":7}},"type":"if","locations":[{"start":{"line":147,"column":6},"end":{"line":149,"column":7}},{"start":{},"end":{}}],"line":147},"10":{"loc":{"start":{"line":169,"column":12},"end":{"line":173,"column":13}},"type":"if","locations":[{"start":{"line":169,"column":12},"end":{"line":173,"column":13}},{"start":{"line":171,"column":19},"end":{"line":173,"column":13}}],"line":169},"11":{"loc":{"start":{"line":192,"column":10},"end":{"line":192,"column":78}},"type":"binary-expr","locations":[{"start":{"line":192,"column":10},"end":{"line":192,"column":48}},{"start":{"line":192,"column":52},"end":{"line":192,"column":78}}],"line":192},"12":{"loc":{"start":{"line":224,"column":6},"end":{"line":239,"column":7}},"type":"if","locations":[{"start":{"line":224,"column":6},"end":{"line":239,"column":7}},{"start":{},"end":{}}],"line":224},"13":{"loc":{"start":{"line":249,"column":6},"end":{"line":257,"column":7}},"type":"if","locations":[{"start":{"line":249,"column":6},"end":{"line":257,"column":7}},{"start":{},"end":{}}],"line":249},"14":{"loc":{"start":{"line":294,"column":8},"end":{"line":352,"column":9}},"type":"switch","locations":[{"start":{"line":295,"column":10},"end":{"line":298,"column":18}},{"start":{"line":300,"column":10},"end":{"line":303,"column":18}},{"start":{"line":305,"column":10},"end":{"line":308,"column":18}},{"start":{"line":310,"column":10},"end":{"line":313,"column":18}},{"start":{"line":315,"column":10},"end":{"line":318,"column":18}},{"start":{"line":320,"column":10},"end":{"line":323,"column":18}},{"start":{"line":325,"column":10},"end":{"line":328,"column":18}},{"start":{"line":330,"column":10},"end":{"line":333,"column":18}},{"start":{"line":335,"column":10},"end":{"line":338,"column":18}},{"start":{"line":340,"column":10},"end":{"line":343,"column":18}},{"start":{"line":345,"column":10},"end":{"line":348,"column":18}},{"start":{"line":350,"column":10},"end":{"line":351,"column":18}}],"line":294},"15":{"loc":{"start":{"line":370,"column":8},"end":{"line":374,"column":9}},"type":"if","locations":[{"start":{"line":370,"column":8},"end":{"line":374,"column":9}},{"start":{},"end":{}}],"line":370}},"s":{"0":2,"1":2,"2":2,"3":2,"4":2,"5":0,"6":0,"7":0,"8":0,"9":0,"10":0,"11":0,"12":0,"13":0,"14":0,"15":0,"16":0,"17":0,"18":0,"19":0,"20":0,"21":0,"22":0,"23":0,"24":0,"25":0,"26":0,"27":0,"28":0,"29":0,"30":0,"31":5,"32":5,"33":5,"34":5,"35":1,"36":4,"37":0,"38":0,"39":0,"40":0,"41":0,"42":0,"43":0,"44":0,"45":0,"46":0,"47":0,"48":0,"49":0,"50":0,"51":0,"52":0,"53":0,"54":0,"55":0,"56":0,"57":0,"58":0,"59":0,"60":0,"61":0,"62":0,"63":0,"64":0,"65":0,"66":0,"67":0,"68":0,"69":0,"70":0,"71":0,"72":0,"73":0,"74":0,"75":0,"76":0,"77":0,"78":0,"79":0,"80":0,"81":0,"82":0,"83":0,"84":0,"85":0,"86":0,"87":0,"88":0,"89":0,"90":0,"91":0,"92":0,"93":0,"94":0,"95":0,"96":0,"97":0,"98":0,"99":0,"100":0,"101":0,"102":0,"103":0,"104":0,"105":0,"106":0,"107":0,"108":0,"109":0,"110":0,"111":0,"112":0,"113":0,"114":0,"115":0,"116":0,"117":0,"118":0,"119":0,"120":0,"121":0,"122":0,"123":0,"124":0,"125":0,"126":0,"127":0,"128":0,"129":0,"130":0,"131":0,"132":0,"133":0,"134":0,"135":0,"136":0,"137":0,"138":0,"139":0,"140":0,"141":2},"f":{"0":0,"1":5,"2":0,"3":0,"4":0,"5":0,"6":0,"7":0,"8":0,"9":0,"10":0,"11":0,"12":0},"b":{"0":[0,0],"1":[0,0],"2":[0,0],"3":[0,0],"4":[0,0],"5":[0,0],"6":[0,0],"7":[0,0],"8":[0,0],"9":[0,0],"10":[0,0],"11":[0,0],"12":[0,0],"13":[0,0],"14":[0,0,0,0,0,0,0,0,0,0,0,0],"15":[0,0]},"_coverageSchema":"1a1c01bbd47fc00a2c39e90264f33305004495a9","hash":"1986ebe6b07989f81823b60d32a31fec19c10858"}
,"/Users/margeryolethea/Library/CloudStorage/GoogleDrive-margeryolethea@gmail.com/My Drive/BOOTCAMP/PHASE 2/15. Individual Project Mon 15 Jan/ip-MargeryOlethea/server/helpers/capitalizeFirstLetter.js": {"path":"/Users/margeryolethea/Library/CloudStorage/GoogleDrive-margeryolethea@gmail.com/My Drive/BOOTCAMP/PHASE 2/15. Individual Project Mon 15 Jan/ip-MargeryOlethea/server/helpers/capitalizeFirstLetter.js","statementMap":{"0":{"start":{"line":2,"column":2},"end":{"line":4,"column":3}},"1":{"start":{"line":3,"column":4},"end":{"line":3,"column":23}},"2":{"start":{"line":6,"column":2},"end":{"line":9,"column":4}},"3":{"start":{"line":12,"column":0},"end":{"line":12,"column":39}}},"fnMap":{"0":{"name":"capitalizeFirstLetter","decl":{"start":{"line":1,"column":9},"end":{"line":1,"column":30}},"loc":{"start":{"line":1,"column":44},"end":{"line":10,"column":1}},"line":1}},"branchMap":{"0":{"loc":{"start":{"line":2,"column":2},"end":{"line":4,"column":3}},"type":"if","locations":[{"start":{"line":2,"column":2},"end":{"line":4,"column":3}},{"start":{},"end":{}}],"line":2},"1":{"loc":{"start":{"line":2,"column":6},"end":{"line":2,"column":65}},"type":"binary-expr","locations":[{"start":{"line":2,"column":6},"end":{"line":2,"column":37}},{"start":{"line":2,"column":41},"end":{"line":2,"column":65}}],"line":2}},"s":{"0":2,"1":0,"2":2,"3":2},"f":{"0":2},"b":{"0":[0,2],"1":[2,2]},"_coverageSchema":"1a1c01bbd47fc00a2c39e90264f33305004495a9","hash":"afe1198e86876d3e110e3d1ab044793615f98e16"}
,"/Users/margeryolethea/Library/CloudStorage/GoogleDrive-margeryolethea@gmail.com/My Drive/BOOTCAMP/PHASE 2/15. Individual Project Mon 15 Jan/ip-MargeryOlethea/server/helpers/monthConverter.js": {"path":"/Users/margeryolethea/Library/CloudStorage/GoogleDrive-margeryolethea@gmail.com/My Drive/BOOTCAMP/PHASE 2/15. Individual Project Mon 15 Jan/ip-MargeryOlethea/server/helpers/monthConverter.js","statementMap":{"0":{"start":{"line":2,"column":24},"end":{"line":2,"column":45}},"1":{"start":{"line":3,"column":17},"end":{"line":16,"column":3}},"2":{"start":{"line":18,"column":24},"end":{"line":18,"column":68}},"3":{"start":{"line":20,"column":2},"end":{"line":20,"column":23}},"4":{"start":{"line":23,"column":0},"end":{"line":23,"column":32}}},"fnMap":{"0":{"name":"monthConverter","decl":{"start":{"line":1,"column":9},"end":{"line":1,"column":23}},"loc":{"start":{"line":1,"column":36},"end":{"line":21,"column":1}},"line":1}},"branchMap":{},"s":{"0":0,"1":0,"2":0,"3":0,"4":2},"f":{"0":0},"b":{},"_coverageSchema":"1a1c01bbd47fc00a2c39e90264f33305004495a9","hash":"10d131dd1b3ab22fb9701e41da20de15b1aa2f60"}
,"/Users/margeryolethea/Library/CloudStorage/GoogleDrive-margeryolethea@gmail.com/My Drive/BOOTCAMP/PHASE 2/15. Individual Project Mon 15 Jan/ip-MargeryOlethea/server/middlewares/authenticator.js": {"path":"/Users/margeryolethea/Library/CloudStorage/GoogleDrive-margeryolethea@gmail.com/My Drive/BOOTCAMP/PHASE 2/15. Individual Project Mon 15 Jan/ip-MargeryOlethea/server/middlewares/authenticator.js","statementMap":{"0":{"start":{"line":1,"column":24},"end":{"line":1,"column":47}},"1":{"start":{"line":2,"column":17},"end":{"line":2,"column":37}},"2":{"start":{"line":4,"column":22},"end":{"line":31,"column":1}},"3":{"start":{"line":5,"column":2},"end":{"line":30,"column":3}},"4":{"start":{"line":6,"column":30},"end":{"line":6,"column":41}},"5":{"start":{"line":8,"column":4},"end":{"line":10,"column":5}},"6":{"start":{"line":9,"column":6},"end":{"line":9,"column":37}},"7":{"start":{"line":12,"column":18},"end":{"line":12,"column":45}},"8":{"start":{"line":14,"column":20},"end":{"line":14,"column":38}},"9":{"start":{"line":16,"column":23},"end":{"line":16,"column":54}},"10":{"start":{"line":18,"column":4},"end":{"line":20,"column":5}},"11":{"start":{"line":19,"column":6},"end":{"line":19,"column":37}},"12":{"start":{"line":22,"column":4},"end":{"line":25,"column":6}},"13":{"start":{"line":27,"column":4},"end":{"line":27,"column":11}},"14":{"start":{"line":29,"column":4},"end":{"line":29,"column":16}},"15":{"start":{"line":33,"column":0},"end":{"line":33,"column":31}}},"fnMap":{"0":{"name":"(anonymous_0)","decl":{"start":{"line":4,"column":22},"end":{"line":4,"column":23}},"loc":{"start":{"line":4,"column":48},"end":{"line":31,"column":1}},"line":4}},"branchMap":{"0":{"loc":{"start":{"line":8,"column":4},"end":{"line":10,"column":5}},"type":"if","locations":[{"start":{"line":8,"column":4},"end":{"line":10,"column":5}},{"start":{},"end":{}}],"line":8},"1":{"loc":{"start":{"line":18,"column":4},"end":{"line":20,"column":5}},"type":"if","locations":[{"start":{"line":18,"column":4},"end":{"line":20,"column":5}},{"start":{},"end":{}}],"line":18}},"s":{"0":2,"1":2,"2":2,"3":7,"4":7,"5":7,"6":1,"7":6,"8":6,"9":5,"10":5,"11":0,"12":5,"13":5,"14":2,"15":2},"f":{"0":7},"b":{"0":[1,6],"1":[0,5]},"_coverageSchema":"1a1c01bbd47fc00a2c39e90264f33305004495a9","hash":"354ffb7c989c23a08f93e3a1ac760f2b3a394798"}
,"/Users/margeryolethea/Library/CloudStorage/GoogleDrive-margeryolethea@gmail.com/My Drive/BOOTCAMP/PHASE 2/15. Individual Project Mon 15 Jan/ip-MargeryOlethea/server/middlewares/errorHandler.js": {"path":"/Users/margeryolethea/Library/CloudStorage/GoogleDrive-margeryolethea@gmail.com/My Drive/BOOTCAMP/PHASE 2/15. Individual Project Mon 15 Jan/ip-MargeryOlethea/server/middlewares/errorHandler.js","statementMap":{"0":{"start":{"line":1,"column":21},"end":{"line":78,"column":1}},"1":{"start":{"line":2,"column":2},"end":{"line":2,"column":26}},"2":{"start":{"line":4,"column":19},"end":{"line":4,"column":22}},"3":{"start":{"line":5,"column":16},"end":{"line":5,"column":39}},"4":{"start":{"line":7,"column":2},"end":{"line":10,"column":3}},"5":{"start":{"line":8,"column":4},"end":{"line":8,"column":21}},"6":{"start":{"line":9,"column":4},"end":{"line":9,"column":38}},"7":{"start":{"line":12,"column":2},"end":{"line":15,"column":3}},"8":{"start":{"line":13,"column":4},"end":{"line":13,"column":21}},"9":{"start":{"line":14,"column":4},"end":{"line":14,"column":48}},"10":{"start":{"line":17,"column":2},"end":{"line":20,"column":3}},"11":{"start":{"line":18,"column":4},"end":{"line":18,"column":21}},"12":{"start":{"line":19,"column":4},"end":{"line":19,"column":48}},"13":{"start":{"line":22,"column":2},"end":{"line":25,"column":3}},"14":{"start":{"line":23,"column":4},"end":{"line":23,"column":21}},"15":{"start":{"line":24,"column":4},"end":{"line":24,"column":31}},"16":{"start":{"line":27,"column":2},"end":{"line":30,"column":3}},"17":{"start":{"line":28,"column":4},"end":{"line":28,"column":21}},"18":{"start":{"line":29,"column":4},"end":{"line":29,"column":36}},"19":{"start":{"line":32,"column":2},"end":{"line":35,"column":3}},"20":{"start":{"line":33,"column":4},"end":{"line":33,"column":21}},"21":{"start":{"line":34,"column":4},"end":{"line":34,"column":40}},"22":{"start":{"line":37,"column":2},"end":{"line":40,"column":3}},"23":{"start":{"line":38,"column":4},"end":{"line":38,"column":21}},"24":{"start":{"line":39,"column":4},"end":{"line":39,"column":40}},"25":{"start":{"line":42,"column":2},"end":{"line":45,"column":3}},"26":{"start":{"line":43,"column":4},"end":{"line":43,"column":21}},"27":{"start":{"line":44,"column":4},"end":{"line":44,"column":43}},"28":{"start":{"line":47,"column":2},"end":{"line":50,"column":3}},"29":{"start":{"line":48,"column":4},"end":{"line":48,"column":21}},"30":{"start":{"line":49,"column":4},"end":{"line":49,"column":46}},"31":{"start":{"line":52,"column":2},"end":{"line":55,"column":3}},"32":{"start":{"line":53,"column":4},"end":{"line":53,"column":21}},"33":{"start":{"line":54,"column":4},"end":{"line":54,"column":37}},"34":{"start":{"line":57,"column":2},"end":{"line":60,"column":3}},"35":{"start":{"line":58,"column":4},"end":{"line":58,"column":21}},"36":{"start":{"line":59,"column":4},"end":{"line":59,"column":37}},"37":{"start":{"line":62,"column":2},"end":{"line":65,"column":3}},"38":{"start":{"line":63,"column":4},"end":{"line":63,"column":21}},"39":{"start":{"line":64,"column":4},"end":{"line":64,"column":31}},"40":{"start":{"line":67,"column":2},"end":{"line":70,"column":3}},"41":{"start":{"line":68,"column":4},"end":{"line":68,"column":21}},"42":{"start":{"line":69,"column":4},"end":{"line":69,"column":47}},"43":{"start":{"line":72,"column":2},"end":{"line":75,"column":3}},"44":{"start":{"line":73,"column":4},"end":{"line":73,"column":21}},"45":{"start":{"line":74,"column":4},"end":{"line":74,"column":32}},"46":{"start":{"line":77,"column":2},"end":{"line":77,"column":70}},"47":{"start":{"line":80,"column":0},"end":{"line":80,"column":30}}},"fnMap":{"0":{"name":"(anonymous_0)","decl":{"start":{"line":1,"column":21},"end":{"line":1,"column":22}},"loc":{"start":{"line":1,"column":48},"end":{"line":78,"column":1}},"line":1}},"branchMap":{"0":{"loc":{"start":{"line":7,"column":2},"end":{"line":10,"column":3}},"type":"if","locations":[{"start":{"line":7,"column":2},"end":{"line":10,"column":3}},{"start":{},"end":{}}],"line":7},"1":{"loc":{"start":{"line":12,"column":2},"end":{"line":15,"column":3}},"type":"if","locations":[{"start":{"line":12,"column":2},"end":{"line":15,"column":3}},{"start":{},"end":{}}],"line":12},"2":{"loc":{"start":{"line":17,"column":2},"end":{"line":20,"column":3}},"type":"if","locations":[{"start":{"line":17,"column":2},"end":{"line":20,"column":3}},{"start":{},"end":{}}],"line":17},"3":{"loc":{"start":{"line":22,"column":2},"end":{"line":25,"column":3}},"type":"if","locations":[{"start":{"line":22,"column":2},"end":{"line":25,"column":3}},{"start":{},"end":{}}],"line":22},"4":{"loc":{"start":{"line":27,"column":2},"end":{"line":30,"column":3}},"type":"if","locations":[{"start":{"line":27,"column":2},"end":{"line":30,"column":3}},{"start":{},"end":{}}],"line":27},"5":{"loc":{"start":{"line":32,"column":2},"end":{"line":35,"column":3}},"type":"if","locations":[{"start":{"line":32,"column":2},"end":{"line":35,"column":3}},{"start":{},"end":{}}],"line":32},"6":{"loc":{"start":{"line":37,"column":2},"end":{"line":40,"column":3}},"type":"if","locations":[{"start":{"line":37,"column":2},"end":{"line":40,"column":3}},{"start":{},"end":{}}],"line":37},"7":{"loc":{"start":{"line":42,"column":2},"end":{"line":45,"column":3}},"type":"if","locations":[{"start":{"line":42,"column":2},"end":{"line":45,"column":3}},{"start":{},"end":{}}],"line":42},"8":{"loc":{"start":{"line":47,"column":2},"end":{"line":50,"column":3}},"type":"if","locations":[{"start":{"line":47,"column":2},"end":{"line":50,"column":3}},{"start":{},"end":{}}],"line":47},"9":{"loc":{"start":{"line":52,"column":2},"end":{"line":55,"column":3}},"type":"if","locations":[{"start":{"line":52,"column":2},"end":{"line":55,"column":3}},{"start":{},"end":{}}],"line":52},"10":{"loc":{"start":{"line":57,"column":2},"end":{"line":60,"column":3}},"type":"if","locations":[{"start":{"line":57,"column":2},"end":{"line":60,"column":3}},{"start":{},"end":{}}],"line":57},"11":{"loc":{"start":{"line":62,"column":2},"end":{"line":65,"column":3}},"type":"if","locations":[{"start":{"line":62,"column":2},"end":{"line":65,"column":3}},{"start":{},"end":{}}],"line":62},"12":{"loc":{"start":{"line":67,"column":2},"end":{"line":70,"column":3}},"type":"if","locations":[{"start":{"line":67,"column":2},"end":{"line":70,"column":3}},{"start":{},"end":{}}],"line":67},"13":{"loc":{"start":{"line":72,"column":2},"end":{"line":75,"column":3}},"type":"if","locations":[{"start":{"line":72,"column":2},"end":{"line":75,"column":3}},{"start":{},"end":{}}],"line":72}},"s":{"0":2,"1":16,"2":16,"3":16,"4":16,"5":8,"6":8,"7":16,"8":1,"9":1,"10":16,"11":1,"12":1,"13":16,"14":0,"15":0,"16":16,"17":0,"18":0,"19":16,"20":0,"21":0,"22":16,"23":0,"24":0,"25":16,"26":0,"27":0,"28":16,"29":4,"30":4,"31":16,"32":1,"33":1,"34":16,"35":1,"36":1,"37":16,"38":0,"39":0,"40":16,"41":0,"42":0,"43":16,"44":0,"45":0,"46":16,"47":2},"f":{"0":16},"b":{"0":[8,8],"1":[1,15],"2":[1,15],"3":[0,16],"4":[0,16],"5":[0,16],"6":[0,16],"7":[0,16],"8":[4,12],"9":[1,15],"10":[1,15],"11":[0,16],"12":[0,16],"13":[0,16]},"_coverageSchema":"1a1c01bbd47fc00a2c39e90264f33305004495a9","hash":"3838f6b9e0287f994ace9b1d43f11cd83e8af0e1"}
,"/Users/margeryolethea/Library/CloudStorage/GoogleDrive-margeryolethea@gmail.com/My Drive/BOOTCAMP/PHASE 2/15. Individual Project Mon 15 Jan/ip-MargeryOlethea/server/middlewares/multer.js": {"path":"/Users/margeryolethea/Library/CloudStorage/GoogleDrive-margeryolethea@gmail.com/My Drive/BOOTCAMP/PHASE 2/15. Individual Project Mon 15 Jan/ip-MargeryOlethea/server/middlewares/multer.js","statementMap":{"0":{"start":{"line":1,"column":15},"end":{"line":1,"column":32}},"1":{"start":{"line":2,"column":16},"end":{"line":2,"column":38}},"2":{"start":{"line":3,"column":15},"end":{"line":3,"column":34}},"3":{"start":{"line":5,"column":21},"end":{"line":5,"column":42}},"4":{"start":{"line":7,"column":0},"end":{"line":7,"column":30}}},"fnMap":{},"branchMap":{},"s":{"0":2,"1":2,"2":2,"3":2,"4":2},"f":{},"b":{},"_coverageSchema":"1a1c01bbd47fc00a2c39e90264f33305004495a9","hash":"31dd166d4bc845cf638088c2d6f80b0311e67174"}
,"/Users/margeryolethea/Library/CloudStorage/GoogleDrive-margeryolethea@gmail.com/My Drive/BOOTCAMP/PHASE 2/15. Individual Project Mon 15 Jan/ip-MargeryOlethea/server/models/category.js": {"path":"/Users/margeryolethea/Library/CloudStorage/GoogleDrive-margeryolethea@gmail.com/My Drive/BOOTCAMP/PHASE 2/15. Individual Project Mon 15 Jan/ip-MargeryOlethea/server/models/category.js","statementMap":{"0":{"start":{"line":2,"column":18},"end":{"line":2,"column":38}},"1":{"start":{"line":3,"column":0},"end":{"line":28,"column":2}},"2":{"start":{"line":12,"column":6},"end":{"line":12,"column":70}},"3":{"start":{"line":15,"column":2},"end":{"line":26,"column":4}},"4":{"start":{"line":27,"column":2},"end":{"line":27,"column":18}}},"fnMap":{"0":{"name":"(anonymous_0)","decl":{"start":{"line":3,"column":17},"end":{"line":3,"column":18}},"loc":{"start":{"line":3,"column":43},"end":{"line":28,"column":1}},"line":3},"1":{"name":"(anonymous_1)","decl":{"start":{"line":10,"column":4},"end":{"line":10,"column":5}},"loc":{"start":{"line":10,"column":29},"end":{"line":13,"column":5}},"line":10}},"branchMap":{},"s":{"0":2,"1":2,"2":2,"3":2,"4":2},"f":{"0":2,"1":2},"b":{},"_coverageSchema":"1a1c01bbd47fc00a2c39e90264f33305004495a9","hash":"8e87a3e5fac462d14833155268500fcac6be6c99"}
,"/Users/margeryolethea/Library/CloudStorage/GoogleDrive-margeryolethea@gmail.com/My Drive/BOOTCAMP/PHASE 2/15. Individual Project Mon 15 Jan/ip-MargeryOlethea/server/models/goal.js": {"path":"/Users/margeryolethea/Library/CloudStorage/GoogleDrive-margeryolethea@gmail.com/My Drive/BOOTCAMP/PHASE 2/15. Individual Project Mon 15 Jan/ip-MargeryOlethea/server/models/goal.js","statementMap":{"0":{"start":{"line":2,"column":18},"end":{"line":2,"column":38}},"1":{"start":{"line":3,"column":0},"end":{"line":37,"column":2}},"2":{"start":{"line":11,"column":6},"end":{"line":11,"column":60}},"3":{"start":{"line":15,"column":2},"end":{"line":35,"column":4}},"4":{"start":{"line":36,"column":2},"end":{"line":36,"column":14}}},"fnMap":{"0":{"name":"(anonymous_0)","decl":{"start":{"line":3,"column":17},"end":{"line":3,"column":18}},"loc":{"start":{"line":3,"column":43},"end":{"line":37,"column":1}},"line":3},"1":{"name":"(anonymous_1)","decl":{"start":{"line":10,"column":4},"end":{"line":10,"column":5}},"loc":{"start":{"line":10,"column":29},"end":{"line":13,"column":5}},"line":10}},"branchMap":{},"s":{"0":2,"1":2,"2":2,"3":2,"4":2},"f":{"0":2,"1":2},"b":{},"_coverageSchema":"1a1c01bbd47fc00a2c39e90264f33305004495a9","hash":"01e0a34db4ddad4455722016134d8d1b9f8a63fe"}
,"/Users/margeryolethea/Library/CloudStorage/GoogleDrive-margeryolethea@gmail.com/My Drive/BOOTCAMP/PHASE 2/15. Individual Project Mon 15 Jan/ip-MargeryOlethea/server/models/index.js": {"path":"/Users/margeryolethea/Library/CloudStorage/GoogleDrive-margeryolethea@gmail.com/My Drive/BOOTCAMP/PHASE 2/15. Individual Project Mon 15 Jan/ip-MargeryOlethea/server/models/index.js","statementMap":{"0":{"start":{"line":3,"column":11},"end":{"line":3,"column":24}},"1":{"start":{"line":4,"column":13},"end":{"line":4,"column":28}},"2":{"start":{"line":5,"column":18},"end":{"line":5,"column":38}},"3":{"start":{"line":6,"column":16},"end":{"line":6,"column":34}},"4":{"start":{"line":7,"column":17},"end":{"line":7,"column":42}},"5":{"start":{"line":8,"column":12},"end":{"line":8,"column":49}},"6":{"start":{"line":9,"column":15},"end":{"line":9,"column":65}},"7":{"start":{"line":10,"column":11},"end":{"line":10,"column":13}},"8":{"start":{"line":13,"column":0},"end":{"line":17,"column":1}},"9":{"start":{"line":14,"column":2},"end":{"line":14,"column":74}},"10":{"start":{"line":16,"column":2},"end":{"line":16,"column":87}},"11":{"start":{"line":19,"column":0},"end":{"line":32,"column":5}},"12":{"start":{"line":22,"column":4},"end":{"line":27,"column":6}},"13":{"start":{"line":30,"column":18},"end":{"line":30,"column":85}},"14":{"start":{"line":31,"column":4},"end":{"line":31,"column":27}},"15":{"start":{"line":34,"column":0},"end":{"line":38,"column":3}},"16":{"start":{"line":35,"column":2},"end":{"line":37,"column":3}},"17":{"start":{"line":36,"column":4},"end":{"line":36,"column":32}},"18":{"start":{"line":40,"column":0},"end":{"line":40,"column":25}},"19":{"start":{"line":41,"column":0},"end":{"line":41,"column":25}},"20":{"start":{"line":43,"column":0},"end":{"line":43,"column":20}}},"fnMap":{"0":{"name":"(anonymous_0)","decl":{"start":{"line":21,"column":10},"end":{"line":21,"column":11}},"loc":{"start":{"line":21,"column":18},"end":{"line":28,"column":3}},"line":21},"1":{"name":"(anonymous_1)","decl":{"start":{"line":29,"column":11},"end":{"line":29,"column":12}},"loc":{"start":{"line":29,"column":19},"end":{"line":32,"column":3}},"line":29},"2":{"name":"(anonymous_2)","decl":{"start":{"line":34,"column":24},"end":{"line":34,"column":25}},"loc":{"start":{"line":34,"column":37},"end":{"line":38,"column":1}},"line":34}},"branchMap":{"0":{"loc":{"start":{"line":8,"column":12},"end":{"line":8,"column":49}},"type":"binary-expr","locations":[{"start":{"line":8,"column":12},"end":{"line":8,"column":32}},{"start":{"line":8,"column":36},"end":{"line":8,"column":49}}],"line":8},"1":{"loc":{"start":{"line":13,"column":0},"end":{"line":17,"column":1}},"type":"if","locations":[{"start":{"line":13,"column":0},"end":{"line":17,"column":1}},{"start":{"line":15,"column":7},"end":{"line":17,"column":1}}],"line":13},"2":{"loc":{"start":{"line":23,"column":6},"end":{"line":26,"column":37}},"type":"binary-expr","locations":[{"start":{"line":23,"column":6},"end":{"line":23,"column":29}},{"start":{"line":24,"column":6},"end":{"line":24,"column":23}},{"start":{"line":25,"column":6},"end":{"line":25,"column":30}},{"start":{"line":26,"column":6},"end":{"line":26,"column":37}}],"line":23},"3":{"loc":{"start":{"line":35,"column":2},"end":{"line":37,"column":3}},"type":"if","locations":[{"start":{"line":35,"column":2},"end":{"line":37,"column":3}},{"start":{},"end":{}}],"line":35}},"s":{"0":2,"1":2,"2":2,"3":2,"4":2,"5":2,"6":2,"7":2,"8":2,"9":0,"10":2,"11":2,"12":10,"13":8,"14":8,"15":2,"16":8,"17":8,"18":2,"19":2,"20":2},"f":{"0":10,"1":8,"2":8},"b":{"0":[2,0],"1":[0,2],"2":[10,10,8,8],"3":[8,0]},"_coverageSchema":"1a1c01bbd47fc00a2c39e90264f33305004495a9","hash":"e116c7ec95349f09974e3d340326cbf453e0223f"}
,"/Users/margeryolethea/Library/CloudStorage/GoogleDrive-margeryolethea@gmail.com/My Drive/BOOTCAMP/PHASE 2/15. Individual Project Mon 15 Jan/ip-MargeryOlethea/server/models/spending.js": {"path":"/Users/margeryolethea/Library/CloudStorage/GoogleDrive-margeryolethea@gmail.com/My Drive/BOOTCAMP/PHASE 2/15. Individual Project Mon 15 Jan/ip-MargeryOlethea/server/models/spending.js","statementMap":{"0":{"start":{"line":2,"column":18},"end":{"line":2,"column":38}},"1":{"start":{"line":3,"column":0},"end":{"line":67,"column":2}},"2":{"start":{"line":12,"column":6},"end":{"line":12,"column":64}},"3":{"start":{"line":13,"column":6},"end":{"line":13,"column":72}},"4":{"start":{"line":16,"column":2},"end":{"line":65,"column":4}},"5":{"start":{"line":66,"column":2},"end":{"line":66,"column":18}}},"fnMap":{"0":{"name":"(anonymous_0)","decl":{"start":{"line":3,"column":17},"end":{"line":3,"column":18}},"loc":{"start":{"line":3,"column":43},"end":{"line":67,"column":1}},"line":3},"1":{"name":"(anonymous_1)","decl":{"start":{"line":10,"column":4},"end":{"line":10,"column":5}},"loc":{"start":{"line":10,"column":29},"end":{"line":14,"column":5}},"line":10}},"branchMap":{},"s":{"0":2,"1":2,"2":2,"3":2,"4":2,"5":2},"f":{"0":2,"1":2},"b":{},"_coverageSchema":"1a1c01bbd47fc00a2c39e90264f33305004495a9","hash":"d8226273dbcdb9b423ea040dcfd5466d27e217d3"}
,"/Users/margeryolethea/Library/CloudStorage/GoogleDrive-margeryolethea@gmail.com/My Drive/BOOTCAMP/PHASE 2/15. Individual Project Mon 15 Jan/ip-MargeryOlethea/server/models/user.js": {"path":"/Users/margeryolethea/Library/CloudStorage/GoogleDrive-margeryolethea@gmail.com/My Drive/BOOTCAMP/PHASE 2/15. Individual Project Mon 15 Jan/ip-MargeryOlethea/server/models/user.js","statementMap":{"0":{"start":{"line":2,"column":18},"end":{"line":2,"column":38}},"1":{"start":{"line":3,"column":25},"end":{"line":3,"column":51}},"2":{"start":{"line":4,"column":30},"end":{"line":4,"column":73}},"3":{"start":{"line":5,"column":0},"end":{"line":71,"column":2}},"4":{"start":{"line":13,"column":6},"end":{"line":13,"column":57}},"5":{"start":{"line":14,"column":6},"end":{"line":14,"column":62}},"6":{"start":{"line":18,"column":2},"end":{"line":65,"column":4}},"7":{"start":{"line":66,"column":2},"end":{"line":69,"column":5}},"8":{"start":{"line":67,"column":4},"end":{"line":67,"column":48}},"9":{"start":{"line":68,"column":4},"end":{"line":68,"column":57}},"10":{"start":{"line":70,"column":2},"end":{"line":70,"column":14}}},"fnMap":{"0":{"name":"(anonymous_0)","decl":{"start":{"line":5,"column":17},"end":{"line":5,"column":18}},"loc":{"start":{"line":5,"column":43},"end":{"line":71,"column":1}},"line":5},"1":{"name":"(anonymous_1)","decl":{"start":{"line":12,"column":4},"end":{"line":12,"column":5}},"loc":{"start":{"line":12,"column":29},"end":{"line":16,"column":5}},"line":12},"2":{"name":"(anonymous_2)","decl":{"start":{"line":66,"column":20},"end":{"line":66,"column":21}},"loc":{"start":{"line":66,"column":39},"end":{"line":69,"column":3}},"line":66}},"branchMap":{},"s":{"0":2,"1":2,"2":2,"3":2,"4":2,"5":2,"6":2,"7":2,"8":2,"9":2,"10":2},"f":{"0":2,"1":2,"2":2},"b":{},"_coverageSchema":"1a1c01bbd47fc00a2c39e90264f33305004495a9","hash":"c67003e942e94a868809038d95ecdc8717efc87f"}
,"/Users/margeryolethea/Library/CloudStorage/GoogleDrive-margeryolethea@gmail.com/My Drive/BOOTCAMP/PHASE 2/15. Individual Project Mon 15 Jan/ip-MargeryOlethea/server/routers/index.js": {"path":"/Users/margeryolethea/Library/CloudStorage/GoogleDrive-margeryolethea@gmail.com/My Drive/BOOTCAMP/PHASE 2/15. Individual Project Mon 15 Jan/ip-MargeryOlethea/server/routers/index.js","statementMap":{"0":{"start":{"line":1,"column":23},"end":{"line":1,"column":63}},"1":{"start":{"line":2,"column":27},"end":{"line":2,"column":71}},"2":{"start":{"line":3,"column":23},"end":{"line":3,"column":63}},"3":{"start":{"line":4,"column":27},"end":{"line":4,"column":71}},"4":{"start":{"line":5,"column":22},"end":{"line":5,"column":61}},"5":{"start":{"line":6,"column":21},"end":{"line":6,"column":53}},"6":{"start":{"line":8,"column":15},"end":{"line":8,"column":42}},"7":{"start":{"line":9,"column":0},"end":{"line":11,"column":3}},"8":{"start":{"line":10,"column":2},"end":{"line":10,"column":27}},"9":{"start":{"line":12,"column":0},"end":{"line":12,"column":44}},"10":{"start":{"line":13,"column":0},"end":{"line":13,"column":57}},"11":{"start":{"line":14,"column":0},"end":{"line":14,"column":50}},"12":{"start":{"line":16,"column":0},"end":{"line":16,"column":26}},"13":{"start":{"line":18,"column":0},"end":{"line":18,"column":62}},"14":{"start":{"line":19,"column":0},"end":{"line":19,"column":65}},"15":{"start":{"line":20,"column":0},"end":{"line":24,"column":2}},"16":{"start":{"line":25,"column":0},"end":{"line":25,"column":70}},"17":{"start":{"line":26,"column":0},"end":{"line":26,"column":72}},"18":{"start":{"line":27,"column":0},"end":{"line":27,"column":75}},"19":{"start":{"line":28,"column":0},"end":{"line":28,"column":48}},"20":{"start":{"line":29,"column":0},"end":{"line":29,"column":45}},"21":{"start":{"line":30,"column":0},"end":{"line":30,"column":47}},"22":{"start":{"line":31,"column":0},"end":{"line":31,"column":61}},"23":{"start":{"line":32,"column":0},"end":{"line":32,"column":59}},"24":{"start":{"line":34,"column":0},"end":{"line":34,"column":24}}},"fnMap":{"0":{"name":"(anonymous_0)","decl":{"start":{"line":9,"column":16},"end":{"line":9,"column":17}},"loc":{"start":{"line":9,"column":30},"end":{"line":11,"column":1}},"line":9}},"branchMap":{},"s":{"0":2,"1":2,"2":2,"3":2,"4":2,"5":2,"6":2,"7":2,"8":0,"9":2,"10":2,"11":2,"12":2,"13":2,"14":2,"15":2,"16":2,"17":2,"18":2,"19":2,"20":2,"21":2,"22":2,"23":2,"24":2},"f":{"0":0},"b":{},"_coverageSchema":"1a1c01bbd47fc00a2c39e90264f33305004495a9","hash":"8a473e8864ce3a47c0f2917e3c763ff08934f7bd"}
,"/Users/margeryolethea/Library/CloudStorage/GoogleDrive-margeryolethea@gmail.com/My Drive/BOOTCAMP/PHASE 2/15. Individual Project Mon 15 Jan/ip-MargeryOlethea/server/utils/bcrypt.js": {"path":"/Users/margeryolethea/Library/CloudStorage/GoogleDrive-margeryolethea@gmail.com/My Drive/BOOTCAMP/PHASE 2/15. Individual Project Mon 15 Jan/ip-MargeryOlethea/server/utils/bcrypt.js","statementMap":{"0":{"start":{"line":1,"column":15},"end":{"line":1,"column":34}},"1":{"start":{"line":3,"column":21},"end":{"line":3,"column":60}},"2":{"start":{"line":3,"column":35},"end":{"line":3,"column":60}},"3":{"start":{"line":5,"column":24},"end":{"line":5,"column":78}},"4":{"start":{"line":5,"column":44},"end":{"line":5,"column":78}},"5":{"start":{"line":7,"column":0},"end":{"line":10,"column":2}}},"fnMap":{"0":{"name":"(anonymous_0)","decl":{"start":{"line":3,"column":21},"end":{"line":3,"column":22}},"loc":{"start":{"line":3,"column":35},"end":{"line":3,"column":60}},"line":3},"1":{"name":"(anonymous_1)","decl":{"start":{"line":5,"column":24},"end":{"line":5,"column":25}},"loc":{"start":{"line":5,"column":44},"end":{"line":5,"column":78}},"line":5}},"branchMap":{},"s":{"0":2,"1":2,"2":6,"3":2,"4":3,"5":2},"f":{"0":6,"1":3},"b":{},"_coverageSchema":"1a1c01bbd47fc00a2c39e90264f33305004495a9","hash":"5421b1f701acb946a71ebcf1e41e5b456c09bae8"}
,"/Users/margeryolethea/Library/CloudStorage/GoogleDrive-margeryolethea@gmail.com/My Drive/BOOTCAMP/PHASE 2/15. Individual Project Mon 15 Jan/ip-MargeryOlethea/server/utils/cloudinary.js": {"path":"/Users/margeryolethea/Library/CloudStorage/GoogleDrive-margeryolethea@gmail.com/My Drive/BOOTCAMP/PHASE 2/15. Individual Project Mon 15 Jan/ip-MargeryOlethea/server/utils/cloudinary.js","statementMap":{"0":{"start":{"line":1,"column":19},"end":{"line":1,"column":43}},"1":{"start":{"line":3,"column":0},"end":{"line":7,"column":3}},"2":{"start":{"line":9,"column":0},"end":{"line":9,"column":28}}},"fnMap":{},"branchMap":{},"s":{"0":2,"1":2,"2":2},"f":{},"b":{},"_coverageSchema":"1a1c01bbd47fc00a2c39e90264f33305004495a9","hash":"ba23233a18a01b4f34323d42443a0dfb6be65888"}
,"/Users/margeryolethea/Library/CloudStorage/GoogleDrive-margeryolethea@gmail.com/My Drive/BOOTCAMP/PHASE 2/15. Individual Project Mon 15 Jan/ip-MargeryOlethea/server/utils/jwt.js": {"path":"/Users/margeryolethea/Library/CloudStorage/GoogleDrive-margeryolethea@gmail.com/My Drive/BOOTCAMP/PHASE 2/15. Individual Project Mon 15 Jan/ip-MargeryOlethea/server/utils/jwt.js","statementMap":{"0":{"start":{"line":1,"column":12},"end":{"line":1,"column":35}},"1":{"start":{"line":3,"column":18},"end":{"line":3,"column":43}},"2":{"start":{"line":5,"column":20},"end":{"line":6,"column":52}},"3":{"start":{"line":6,"column":2},"end":{"line":6,"column":52}},"4":{"start":{"line":8,"column":20},"end":{"line":8,"column":59}},"5":{"start":{"line":8,"column":31},"end":{"line":8,"column":59}},"6":{"start":{"line":10,"column":0},"end":{"line":10,"column":46}}},"fnMap":{"0":{"name":"(anonymous_0)","decl":{"start":{"line":5,"column":20},"end":{"line":5,"column":21}},"loc":{"start":{"line":6,"column":2},"end":{"line":6,"column":52}},"line":6},"1":{"name":"(anonymous_1)","decl":{"start":{"line":8,"column":20},"end":{"line":8,"column":21}},"loc":{"start":{"line":8,"column":31},"end":{"line":8,"column":59}},"line":8}},"branchMap":{},"s":{"0":2,"1":2,"2":2,"3":3,"4":2,"5":6,"6":2},"f":{"0":3,"1":6},"b":{},"_coverageSchema":"1a1c01bbd47fc00a2c39e90264f33305004495a9","hash":"058a1f347a5dc6b20596d903e3481aa107eeb7fe"}
,"/Users/margeryolethea/Library/CloudStorage/GoogleDrive-margeryolethea@gmail.com/My Drive/BOOTCAMP/PHASE 2/15. Individual Project Mon 15 Jan/ip-MargeryOlethea/server/utils/mindee.js": {"path":"/Users/margeryolethea/Library/CloudStorage/GoogleDrive-margeryolethea@gmail.com/My Drive/BOOTCAMP/PHASE 2/15. Individual Project Mon 15 Jan/ip-MargeryOlethea/server/utils/mindee.js","statementMap":{"0":{"start":{"line":1,"column":15},"end":{"line":1,"column":32}},"1":{"start":{"line":2,"column":21},"end":{"line":4,"column":2}},"2":{"start":{"line":7,"column":22},"end":{"line":7,"column":56}},"3":{"start":{"line":9,"column":2},"end":{"line":19,"column":3}},"4":{"start":{"line":10,"column":17},"end":{"line":13,"column":5}},"5":{"start":{"line":15,"column":4},"end":{"line":15,"column":35}},"6":{"start":{"line":17,"column":4},"end":{"line":17,"column":51}},"7":{"start":{"line":18,"column":4},"end":{"line":18,"column":42}},"8":{"start":{"line":22,"column":0},"end":{"line":22,"column":30}}},"fnMap":{"0":{"name":"parseReceipt","decl":{"start":{"line":6,"column":15},"end":{"line":6,"column":27}},"loc":{"start":{"line":6,"column":39},"end":{"line":20,"column":1}},"line":6}},"branchMap":{},"s":{"0":2,"1":2,"2":0,"3":0,"4":0,"5":0,"6":0,"7":0,"8":2},"f":{"0":0},"b":{},"_coverageSchema":"1a1c01bbd47fc00a2c39e90264f33305004495a9","hash":"ce47a1badc8f0118b7481abb43eb576e8db2dc08"}
}
