TN:
SF:app.js
FNF:0
FNH:0
DA:1,2
DA:2,2
DA:4,2
DA:5,2
DA:6,2
DA:7,2
DA:9,2
DA:10,2
DA:12,2
DA:13,2
DA:14,2
DA:15,2
DA:16,2
DA:18,2
LF:14
LH:14
BRDA:1,0,0,2
BRDA:1,0,1,0
BRDA:10,1,0,2
BRDA:10,1,1,0
BRF:4
BRH:2
end_of_record
TN:
SF:controllers/authController.js
FN:8,(anonymous_0)
FN:25,(anonymous_1)
FN:56,(anonymous_2)
FNF:3
FNH:2
FNDA:7,(anonymous_0)
FNDA:5,(anonymous_1)
FNDA:0,(anonymous_2)
DA:1,2
DA:2,2
DA:3,2
DA:4,2
DA:5,2
DA:9,7
DA:10,7
DA:12,7
DA:14,1
DA:22,6
DA:26,5
DA:27,5
DA:28,5
DA:32,5
DA:33,4
DA:36,1
DA:42,1
DA:44,1
DA:52,4
DA:57,0
DA:58,0
DA:60,0
DA:62,0
DA:67,0
DA:69,0
DA:81,0
DA:87,0
DA:95,0
DA:100,2
LF:29
LH:20
BRDA:32,0,0,4
BRDA:32,0,1,1
BRDA:32,1,0,5
BRDA:32,1,1,3
BRF:4
BRH:4
end_of_record
TN:
SF:controllers/categoryController.js
FN:4,(anonymous_0)
FNF:1
FNH:0
FNDA:0,(anonymous_0)
DA:1,2
DA:5,0
DA:6,0
DA:8,0
DA:12,0
DA:17,2
LF:6
LH:2
BRF:0
BRH:0
end_of_record
TN:
SF:controllers/goalController.js
FN:3,(anonymous_0)
FN:61,(anonymous_1)
FN:118,(anonymous_2)
FNF:3
FNH:0
FNDA:0,(anonymous_0)
FNDA:0,(anonymous_1)
FNDA:0,(anonymous_2)
DA:1,2
DA:4,0
DA:5,0
DA:7,0
DA:9,0
DA:10,0
DA:24,0
DA:27,0
DA:39,0
DA:55,0
DA:57,0
DA:62,0
DA:63,0
DA:64,0
DA:77,0
DA:80,0
DA:92,0
DA:93,0
DA:96,0
DA:112,0
DA:114,0
DA:119,0
DA:120,0
DA:121,0
DA:123,0
DA:125,0
DA:130,2
LF:27
LH:2
BRDA:9,0,0,0
BRDA:9,0,1,0
BRDA:92,1,0,0
BRDA:92,1,1,0
BRF:4
BRH:0
end_of_record
TN:
SF:controllers/spendingController.js
FN:8,(anonymous_0)
FN:84,(anonymous_1)
FN:108,(anonymous_2)
FN:124,(anonymous_3)
FN:142,(anonymous_4)
FN:161,(anonymous_5)
FN:166,(anonymous_6)
FN:168,(anonymous_7)
FN:184,(anonymous_8)
FN:217,(anonymous_9)
FN:293,(anonymous_10)
FN:359,(anonymous_11)
FN:369,(anonymous_12)
FNF:13
FNH:1
FNDA:0,(anonymous_0)
FNDA:5,(anonymous_1)
FNDA:0,(anonymous_2)
FNDA:0,(anonymous_3)
FNDA:0,(anonymous_4)
FNDA:0,(anonymous_5)
FNDA:0,(anonymous_6)
FNDA:0,(anonymous_7)
FNDA:0,(anonymous_8)
FNDA:0,(anonymous_9)
FNDA:0,(anonymous_10)
FNDA:0,(anonymous_11)
FNDA:0,(anonymous_12)
DA:1,2
DA:2,2
DA:3,2
DA:4,2
DA:5,2
DA:9,0
DA:10,0
DA:12,0
DA:23,0
DA:25,0
DA:26,0
DA:29,0
DA:30,0
DA:33,0
DA:34,0
DA:37,0
DA:38,0
DA:39,0
DA:41,0
DA:42,0
DA:46,0
DA:47,0
DA:48,0
DA:53,0
DA:56,0
DA:58,0
DA:60,0
DA:64,0
DA:71,0
DA:73,0
DA:80,0
DA:85,5
DA:86,5
DA:88,5
DA:90,5
DA:99,1
DA:104,4
DA:109,0
DA:110,0
DA:111,0
DA:112,0
DA:113,0
DA:116,0
DA:120,0
DA:125,0
DA:126,0
DA:127,0
DA:128,0
DA:129,0
DA:132,0
DA:134,0
DA:138,0
DA:143,0
DA:144,0
DA:145,0
DA:146,0
DA:147,0
DA:148,0
DA:151,0
DA:153,0
DA:157,0
DA:162,0
DA:163,0
DA:166,0
DA:167,0
DA:169,0
DA:170,0
DA:172,0
DA:179,0
DA:181,0
DA:183,0
DA:185,0
DA:188,0
DA:190,0
DA:199,0
DA:208,0
DA:213,0
DA:218,0
DA:219,0
DA:222,0
DA:224,0
DA:225,0
DA:242,0
DA:247,0
DA:249,0
DA:250,0
DA:251,0
DA:256,0
DA:259,0
DA:261,0
DA:263,0
DA:267,0
DA:275,0
DA:279,0
DA:293,0
DA:294,0
DA:296,0
DA:297,0
DA:298,0
DA:301,0
DA:302,0
DA:303,0
DA:306,0
DA:307,0
DA:308,0
DA:311,0
DA:312,0
DA:313,0
DA:316,0
DA:317,0
DA:318,0
DA:321,0
DA:322,0
DA:323,0
DA:326,0
DA:327,0
DA:328,0
DA:331,0
DA:332,0
DA:333,0
DA:336,0
DA:337,0
DA:338,0
DA:341,0
DA:342,0
DA:343,0
DA:346,0
DA:347,0
DA:348,0
DA:351,0
DA:354,0
DA:357,0
DA:359,0
DA:360,0
DA:366,0
DA:367,0
DA:369,0
DA:370,0
DA:371,0
DA:377,0
DA:385,0
DA:390,2
LF:142
LH:12
BRDA:25,0,0,0
BRDA:25,0,1,0
BRDA:29,1,0,0
BRDA:29,1,1,0
BRDA:33,2,0,0
BRDA:33,2,1,0
BRDA:37,3,0,0
BRDA:37,3,1,0
BRDA:41,4,0,0
BRDA:41,4,1,0
BRDA:41,5,0,0
BRDA:41,5,1,0
BRDA:46,6,0,0
BRDA:46,6,1,0
BRDA:112,7,0,0
BRDA:112,7,1,0
BRDA:128,8,0,0
BRDA:128,8,1,0
BRDA:147,9,0,0
BRDA:147,9,1,0
BRDA:169,10,0,0
BRDA:169,10,1,0
BRDA:192,11,0,0
BRDA:192,11,1,0
BRDA:224,12,0,0
BRDA:224,12,1,0
BRDA:249,13,0,0
BRDA:249,13,1,0
BRDA:294,14,0,0
BRDA:294,14,1,0
BRDA:294,14,2,0
BRDA:294,14,3,0
BRDA:294,14,4,0
BRDA:294,14,5,0
BRDA:294,14,6,0
BRDA:294,14,7,0
BRDA:294,14,8,0
BRDA:294,14,9,0
BRDA:294,14,10,0
BRDA:294,14,11,0
BRDA:370,15,0,0
BRDA:370,15,1,0
BRF:42
BRH:0
end_of_record
TN:
SF:helpers/capitalizeFirstLetter.js
FN:1,capitalizeFirstLetter
FNF:1
FNH:1
FNDA:2,capitalizeFirstLetter
DA:2,2
DA:3,0
DA:6,2
DA:12,2
LF:4
LH:3
BRDA:2,0,0,0
BRDA:2,0,1,2
BRDA:2,1,0,2
BRDA:2,1,1,2
BRF:4
BRH:3
end_of_record
TN:
SF:helpers/monthConverter.js
FN:1,monthConverter
FNF:1
FNH:0
FNDA:0,monthConverter
DA:2,0
DA:3,0
DA:18,0
DA:20,0
DA:23,2
LF:5
LH:1
BRF:0
BRH:0
end_of_record
TN:
SF:middlewares/authenticator.js
FN:4,(anonymous_0)
FNF:1
FNH:1
FNDA:7,(anonymous_0)
DA:1,2
DA:2,2
DA:4,2
DA:5,7
DA:6,7
DA:8,7
DA:9,1
DA:12,6
DA:14,6
DA:16,5
DA:18,5
DA:19,0
DA:22,5
DA:27,5
DA:29,2
DA:33,2
LF:16
LH:15
BRDA:8,0,0,1
BRDA:8,0,1,6
BRDA:18,1,0,0
BRDA:18,1,1,5
BRF:4
BRH:3
end_of_record
TN:
SF:middlewares/errorHandler.js
FN:1,(anonymous_0)
FNF:1
FNH:1
FNDA:16,(anonymous_0)
DA:1,2
DA:2,16
DA:4,16
DA:5,16
DA:7,16
DA:8,8
DA:9,8
DA:12,16
DA:13,1
DA:14,1
DA:17,16
DA:18,1
DA:19,1
DA:22,16
DA:23,0
DA:24,0
DA:27,16
DA:28,0
DA:29,0
DA:32,16
DA:33,0
DA:34,0
DA:37,16
DA:38,0
DA:39,0
DA:42,16
DA:43,0
DA:44,0
DA:47,16
DA:48,4
DA:49,4
DA:52,16
DA:53,1
DA:54,1
DA:57,16
DA:58,1
DA:59,1
DA:62,16
DA:63,0
DA:64,0
DA:67,16
DA:68,0
DA:69,0
DA:72,16
DA:73,0
DA:74,0
DA:77,16
DA:80,2
LF:48
LH:32
BRDA:7,0,0,8
BRDA:7,0,1,8
BRDA:12,1,0,1
BRDA:12,1,1,15
BRDA:17,2,0,1
BRDA:17,2,1,15
BRDA:22,3,0,0
BRDA:22,3,1,16
BRDA:27,4,0,0
BRDA:27,4,1,16
BRDA:32,5,0,0
BRDA:32,5,1,16
BRDA:37,6,0,0
BRDA:37,6,1,16
BRDA:42,7,0,0
BRDA:42,7,1,16
BRDA:47,8,0,4
BRDA:47,8,1,12
BRDA:52,9,0,1
BRDA:52,9,1,15
BRDA:57,10,0,1
BRDA:57,10,1,15
BRDA:62,11,0,0
BRDA:62,11,1,16
BRDA:67,12,0,0
BRDA:67,12,1,16
BRDA:72,13,0,0
BRDA:72,13,1,16
BRF:28
BRH:20
end_of_record
TN:
SF:middlewares/multer.js
FNF:0
FNH:0
DA:1,2
DA:2,2
DA:3,2
DA:5,2
DA:7,2
LF:5
LH:5
BRF:0
BRH:0
end_of_record
TN:
SF:models/category.js
FN:3,(anonymous_0)
FN:10,(anonymous_1)
FNF:2
FNH:2
FNDA:2,(anonymous_0)
FNDA:2,(anonymous_1)
DA:2,2
DA:3,2
DA:12,2
DA:15,2
DA:27,2
LF:5
LH:5
BRF:0
BRH:0
end_of_record
TN:
SF:models/goal.js
FN:3,(anonymous_0)
FN:10,(anonymous_1)
FNF:2
FNH:2
FNDA:2,(anonymous_0)
FNDA:2,(anonymous_1)
DA:2,2
DA:3,2
DA:11,2
DA:15,2
DA:36,2
LF:5
LH:5
BRF:0
BRH:0
end_of_record
TN:
SF:models/index.js
FN:21,(anonymous_0)
FN:29,(anonymous_1)
FN:34,(anonymous_2)
FNF:3
FNH:3
FNDA:10,(anonymous_0)
FNDA:8,(anonymous_1)
FNDA:8,(anonymous_2)
DA:3,2
DA:4,2
DA:5,2
DA:6,2
DA:7,2
DA:8,2
DA:9,2
DA:10,2
DA:13,2
DA:14,0
DA:16,2
DA:19,2
DA:22,10
DA:30,8
DA:31,8
DA:34,2
DA:35,8
DA:36,8
DA:40,2
DA:41,2
DA:43,2
LF:21
LH:20
BRDA:8,0,0,2
BRDA:8,0,1,0
BRDA:13,1,0,0
BRDA:13,1,1,2
BRDA:23,2,0,10
BRDA:23,2,1,10
BRDA:23,2,2,8
BRDA:23,2,3,8
BRDA:35,3,0,8
BRDA:35,3,1,0
BRF:10
BRH:7
end_of_record
TN:
SF:models/spending.js
FN:3,(anonymous_0)
FN:10,(anonymous_1)
FNF:2
FNH:2
FNDA:2,(anonymous_0)
FNDA:2,(anonymous_1)
DA:2,2
DA:3,2
DA:12,2
DA:13,2
DA:16,2
DA:66,2
LF:6
LH:6
BRF:0
BRH:0
end_of_record
TN:
SF:models/user.js
FN:5,(anonymous_0)
FN:12,(anonymous_1)
FN:66,(anonymous_2)
FNF:3
FNH:3
FNDA:2,(anonymous_0)
FNDA:2,(anonymous_1)
FNDA:2,(anonymous_2)
DA:2,2
DA:3,2
DA:4,2
DA:5,2
DA:13,2
DA:14,2
DA:18,2
DA:66,2
DA:67,2
DA:68,2
DA:70,2
LF:11
LH:11
BRF:0
BRH:0
end_of_record
TN:
SF:routers/index.js
FN:9,(anonymous_0)
FNF:1
FNH:0
FNDA:0,(anonymous_0)
DA:1,2
DA:2,2
DA:3,2
DA:4,2
DA:5,2
DA:6,2
DA:8,2
DA:9,2
DA:10,0
DA:12,2
DA:13,2
DA:14,2
DA:16,2
DA:18,2
DA:19,2
DA:20,2
DA:25,2
DA:26,2
DA:27,2
DA:28,2
DA:29,2
DA:30,2
DA:31,2
DA:32,2
DA:34,2
LF:25
LH:24
BRF:0
BRH:0
end_of_record
TN:
SF:utils/bcrypt.js
FN:3,(anonymous_0)
FN:5,(anonymous_1)
FNF:2
FNH:2
FNDA:6,(anonymous_0)
FNDA:3,(anonymous_1)
DA:1,2
DA:3,6
DA:5,3
DA:7,2
LF:4
LH:4
BRF:0
BRH:0
end_of_record
TN:
SF:utils/cloudinary.js
FNF:0
FNH:0
DA:1,2
DA:3,2
DA:9,2
LF:3
LH:3
BRF:0
BRH:0
end_of_record
TN:
SF:utils/jwt.js
FN:5,(anonymous_0)
FN:8,(anonymous_1)
FNF:2
FNH:2
FNDA:3,(anonymous_0)
FNDA:6,(anonymous_1)
DA:1,2
DA:3,2
DA:5,2
DA:6,3
DA:8,6
DA:10,2
LF:6
LH:6
BRF:0
BRH:0
end_of_record
TN:
SF:utils/mindee.js
FN:6,parseReceipt
FNF:1
FNH:0
FNDA:0,parseReceipt
DA:1,2
DA:2,2
DA:7,0
DA:9,0
DA:10,0
DA:15,0
DA:17,0
DA:18,0
DA:22,2
LF:9
LH:3
BRF:0
BRH:0
end_of_record
